[main] INFO SeleniumCucumber -  ******* Launching Browser***********
[main] INFO SeleniumCucumber - ******* Launching URL***********
[main] INFO SeleniumCucumber - *********** CLiking on URL*****************
[main] INFO SeleniumCucumber -  ******* Launching Browser***********
[main] INFO SeleniumCucumber - ******* Launching URL***********
[main] INFO SeleniumCucumber - *********** CLiking on URL*****************
[main] INFO SeleniumCucumber - ******* Launching URL***********
[main] INFO SeleniumCucumber -  ******* Launching Browser***********
[main] INFO SeleniumCucumber - ******* Launching URL***********
[main] INFO SeleniumCucumber -  ******* Launching Browser***********
[main] INFO SeleniumCucumber -  ******* Launching Browser***********
[main] INFO SeleniumCucumber -  ******* Launching Browser***********
[main] INFO SeleniumCucumber -  ******* Launching Browser***********
[main] INFO SeleniumCucumber -  ******* Launching Browser***********
[main] INFO SeleniumCucumber - ******* Launching URL***********
[main] INFO SeleniumCucumber - *********** CLiking on URL*****************
[main] INFO SeleniumCucumber -  ******* Launching Browser***********
[main] INFO SeleniumCucumber - ******* Launching URL***********
[main] INFO SeleniumCucumber - *********** CLiking on URL*****************
[main] INFO SeleniumCucumber -  ******* Launching Browser***********
[main] INFO SeleniumCucumber - ******* Launching URL***********
[main] INFO SeleniumCucumber -  ******* Launching Browser***********
[main] INFO SeleniumCucumber - ******* Launching URL***********
[main] INFO SeleniumCucumber -  ******* Launching Browser***********
[main] INFO SeleniumCucumber - ******* Launching URL***********
[main] INFO SeleniumCucumber - *********** CLiking on URL*****************
[main] INFO SeleniumCucumber -  ******* Launching Browser***********
[main] INFO SeleniumCucumber -  ******* Launching Browser***********
[main] INFO SeleniumCucumber - ******* Launching URL***********
[main] INFO SeleniumCucumber - *********** CLiking on URL*****************
[main] INFO SeleniumCucumber -  ******* Launching Browser***********
[main] INFO SeleniumCucumber - ******* Launching URL***********
[main] INFO SeleniumCucumber -  ******* Launching Browser***********
[main] INFO SeleniumCucumber - ******* Launching URL***********
[main] INFO SeleniumCucumber - *********** CLiking on URL*****************
[main] INFO SeleniumCucumber -  ******* Launching Browser***********
[main] INFO SeleniumCucumber - ******* Launching URL***********
[main] INFO SeleniumCucumber -  ******* Launching Browser***********
[main] INFO SeleniumCucumber - ******* Launching URL***********
[main] INFO SeleniumCucumber - *********** CLiking on URL*****************
[main] INFO SeleniumCucumber -  ******* Launching Browser***********
[main] INFO SeleniumCucumber - ******* Launching URL***********
[main] INFO SeleniumCucumber -  ******* Launching Browser***********
[main] INFO SeleniumCucumber - ******* Launching URL***********
[main] INFO SeleniumCucumber - *********** CLiking on URL*****************
[main] INFO SeleniumCucumber -  ******* Launching Browser***********
[main] INFO SeleniumCucumber - ******* Launching URL***********
[main] INFO SeleniumCucumber -  ******* Launching Browser***********
[main] INFO SeleniumCucumber - ******* Launching URL***********
[main] INFO SeleniumCucumber -  ******* Launching Browser***********
[main] INFO SeleniumCucumber - ******* Launching URL***********
[main] INFO SeleniumCucumber -  ******* Launching Browser***********
[main] INFO SeleniumCucumber - ******* Launching URL***********
[main] INFO SeleniumCucumber -  ******* Launching Browser***********
[main] INFO SeleniumCucumber - ******* Launching URL***********
[main] INFO SeleniumCucumber -  ******* Launching Browser***********
[main] INFO SeleniumCucumber - ******* Launching URL***********
[main] INFO SeleniumCucumber -  ******* Launching Browser***********
[main] INFO SeleniumCucumber - ******* Launching URL***********
[main] INFO SeleniumCucumber -  ******* Launching Browser***********
[main] INFO SeleniumCucumber - ******* Launching URL***********
[main] INFO SeleniumCucumber -  ******* Launching Browser***********
[main] INFO SeleniumCucumber - ******* Launching URL***********
[main] INFO SeleniumCucumber -  ******* Launching Browser***********
[main] INFO SeleniumCucumber - ******* Launching URL***********
[main] INFO SeleniumCucumber -  ******* Launching Browser***********
[main] INFO SeleniumCucumber - ******* Launching URL***********
[main] INFO SeleniumCucumber -  ******* Launching Browser***********
[main] INFO SeleniumCucumber - ******* Launching URL***********
[main] INFO SeleniumCucumber -  ******* Launching Browser***********
[main] INFO SeleniumCucumber - ******* Launching URL***********
[main] INFO SeleniumCucumber -  ******* Launching Browser***********
[main] INFO SeleniumCucumber - ******* Launching URL***********
[main] INFO SeleniumCucumber -  ******* Launching Browser***********
[main] INFO SeleniumCucumber - ******* Launching URL***********
[main] INFO SeleniumCucumber -  ******* Launching Browser***********
[main] INFO SeleniumCucumber - ******* Launching URL***********
[main] INFO SeleniumCucumber -  ******* Launching Browser***********
[main] INFO SeleniumCucumber - ******* Launching URL***********
[main] INFO SeleniumCucumber -  ******* Launching Browser***********
[main] INFO SeleniumCucumber - ******* Launching URL***********
[main] INFO SeleniumCucumber -  ******* Launching Browser***********
[main] INFO SeleniumCucumber - ******* Launching URL***********
[main] INFO SeleniumCucumber -  ******* Launching Browser***********
[main] INFO SeleniumCucumber - ******* Launching URL***********
[main] INFO SeleniumCucumber -  ******* Launching Browser***********
[main] INFO SeleniumCucumber - ******* Launching URL***********
[main] INFO SeleniumCucumber -  ******* Launching Browser***********
[main] INFO SeleniumCucumber - ******* Launching URL***********
[main] INFO SeleniumCucumber -  ******* Launching Browser***********
[main] INFO SeleniumCucumber - ******* Launching URL***********
[main] INFO SeleniumCucumber -  ******* Launching Browser***********
[main] INFO SeleniumCucumber - ******* Launching URL***********
[main] INFO SeleniumCucumber -  ******* Launching Browser***********
[main] INFO SeleniumCucumber - ******* Launching URL***********
[main] INFO SeleniumCucumber -  ******* Launching Browser***********
[main] INFO SeleniumCucumber - ******* Launching URL***********
[main] INFO SeleniumCucumber -  ******* Launching Browser***********
[main] INFO SeleniumCucumber - ******* Launching URL***********
[main] INFO SeleniumCucumber -  ******* Launching Browser***********
[main] INFO SeleniumCucumber - ******* Launching URL***********
[main] INFO SeleniumCucumber -  Closing Browsers
[main] INFO SeleniumCucumber -  ******* Launching Browser***********
[main] INFO SeleniumCucumber - ******* Launching URL***********
[main] INFO SeleniumCucumber -  Closing Browsers
[main] INFO SeleniumCucumber -  ******* Launching Browser***********
[main] INFO SeleniumCucumber - ******* Launching URL***********
[main] INFO SeleniumCucumber -  Closing Browsers
[main] INFO SeleniumCucumber -  ******* Launching Browser***********
[main] INFO SeleniumCucumber - ******* Launching URL***********
[main] INFO SeleniumCucumber -  Closing Browsers
[main] INFO SeleniumCucumber -  ******* Launching Browser***********
[main] INFO SeleniumCucumber - ******* Launching URL***********
[main] INFO SeleniumCucumber -  Closing Browsers
[main] INFO SeleniumCucumber -  ******* Launching Browser***********
[main] INFO SeleniumCucumber - ******* Launching URL***********
[main] INFO SeleniumCucumber -  Closing Browsers
[main] INFO SeleniumCucumber -  ******* Launching Browser***********
[main] INFO SeleniumCucumber - ******* Launching URL***********
[main] INFO SeleniumCucumber -  Closing Browsers
[pool-1-thread-1] INFO SeleniumCucumber -  ******* Launching Browser***********
[pool-1-thread-2] INFO SeleniumCucumber -  ******* Launching Browser***********
[pool-1-thread-2] INFO SeleniumCucumber - ******* Launching URL***********
[pool-1-thread-1] INFO SeleniumCucumber - ******* Launching URL***********
[pool-1-thread-1] INFO SeleniumCucumber - *********** CLiking on URL*****************
[pool-1-thread-1] INFO SeleniumCucumber -  Closing Browsers
[pool-1-thread-1] INFO SeleniumCucumber -  ******* Launching Browser***********
[pool-1-thread-1] INFO SeleniumCucumber - ******* Launching URL***********
[pool-1-thread-1] INFO SeleniumCucumber - *********** CLiking on URL*****************
[pool-1-thread-2] INFO SeleniumCucumber -  Closing Browsers
[pool-1-thread-1] INFO SeleniumCucumber -  Closing Browsers
[main] INFO SeleniumCucumber -  ******* Launching Browser***********
[main] INFO SeleniumCucumber - ******* Launching URL***********
[main] INFO SeleniumCucumber -  Closing Browsers
[pool-1-thread-1] INFO SeleniumCucumber -  ******* Launching Browser***********
[pool-1-thread-1] INFO SeleniumCucumber - ******* Launching URL***********
[pool-1-thread-1] INFO SeleniumCucumber -  Closing Browsers
[main] INFO SeleniumCucumber -  ******* Launching Browser***********
[main] INFO SeleniumCucumber - ******* Launching URL***********
[main] INFO SeleniumCucumber -  Closing Browsers
[main] INFO SeleniumCucumber -  ******* Launching Browser***********
[main] INFO SeleniumCucumber - ******* Launching URL***********
[main] INFO SeleniumCucumber -  Closing Browsers
[main] INFO SeleniumCucumber -  ******* Launching Browser***********
[main] INFO SeleniumCucumber - ******* Launching URL***********
[main] INFO SeleniumCucumber -  Closing Browsers
[main] INFO SeleniumCucumber -  ******* Launching Browser***********
[main] INFO SeleniumCucumber - ******* Launching URL***********
[main] INFO SeleniumCucumber -  Closing Browsers
[main] INFO SeleniumCucumber -  ******* Launching Browser***********
[main] INFO SeleniumCucumber - ******* Launching URL***********
[main] INFO SeleniumCucumber -  ******* Launching Browser***********
[main] INFO SeleniumCucumber - ******* Launching URL***********
[main] INFO SeleniumCucumber -  ******* Launching Browser***********
[main] INFO SeleniumCucumber - ******* Launching URL***********
[main] INFO SeleniumCucumber -  ******* Launching Browser***********
[main] INFO SeleniumCucumber - ******* Launching URL***********
[main] INFO SeleniumCucumber -  ******* Launching Browser***********
[main] INFO SeleniumCucumber - ******* Launching URL***********
[main] INFO SeleniumCucumber -  ******* Launching Browser***********
[main] INFO SeleniumCucumber - ******* Launching URL***********
[main] INFO SeleniumCucumber -  ******* Launching Browser***********
[main] INFO SeleniumCucumber - ******* Launching URL***********
[main] INFO SeleniumCucumber -  ******* Launching Browser***********
[main] INFO SeleniumCucumber - ******* Launching URL***********
[main] INFO SeleniumCucumber -  ******* Launching Browser***********
[main] INFO SeleniumCucumber - ******* Launching URL***********
[main] INFO SeleniumCucumber -  ******* Launching Browser***********
[main] INFO SeleniumCucumber - ******* Launching URL***********
[main] INFO SeleniumCucumber -  ******* Launching Browser***********
[main] INFO SeleniumCucumber - ******* Launching URL***********
[main] INFO SeleniumCucumber -  ******* Launching Browser***********
[main] INFO SeleniumCucumber - ******* Launching URL***********
[main] INFO SeleniumCucumber -  ******* Launching Browser***********
[main] INFO SeleniumCucumber - ******* Launching URL***********
[main] INFO SeleniumCucumber -  ******* Launching Browser***********
[main] INFO SeleniumCucumber - ******* Launching URL***********
[main] INFO SeleniumCucumber -  ******* Launching Browser***********
[main] INFO SeleniumCucumber - ******* Launching URL***********
[main] INFO SeleniumCucumber -  ******* Launching Browser***********
[main] INFO SeleniumCucumber - ******* Launching URL***********
[main] INFO SeleniumCucumber -  ******* Launching Browser***********
[main] INFO SeleniumCucumber - ******* Launching URL***********
[main] INFO SeleniumCucumber -  ******* Launching Browser***********
[main] INFO SeleniumCucumber - ******* Launching URL***********
[main] INFO SeleniumCucumber -  ******* Launching Browser***********
[main] INFO SeleniumCucumber - ******* Launching URL***********
[main] INFO SeleniumCucumber -  ******* Launching Browser***********
[main] INFO SeleniumCucumber - ******* Launching URL***********
[main] INFO SeleniumCucumber -  ******* Launching Browser***********
[main] INFO SeleniumCucumber - ******* Launching URL***********
[main] INFO SeleniumCucumber -  ******* Launching Browser***********
[main] INFO SeleniumCucumber - ******* Launching URL***********
[main] INFO SeleniumCucumber -  ******* Launching Browser***********
[main] INFO SeleniumCucumber - ******* Launching URL***********
[main] INFO SeleniumCucumber -  ******* Launching Browser***********
[main] INFO SeleniumCucumber - ******* Launching URL***********
[main] INFO SeleniumCucumber -  ******* Launching Browser***********
[main] INFO SeleniumCucumber - ******* Launching URL***********
[main] INFO SeleniumCucumber -  ******* Launching Browser***********
[main] INFO SeleniumCucumber - ******* Launching URL***********
[main] INFO SeleniumCucumber -  ******* Launching Browser***********
[main] INFO SeleniumCucumber - ******* Launching URL***********
[main] INFO SeleniumCucumber -  ******* Launching Browser***********
[main] INFO SeleniumCucumber - ******* Launching URL***********
[main] INFO SeleniumCucumber -  ******* Launching Browser***********
[main] INFO SeleniumCucumber - ******* Launching URL***********
[main] INFO SeleniumCucumber -  ******* Launching Browser***********
[main] INFO SeleniumCucumber - ******* Launching URL***********
[main] INFO SeleniumCucumber -  ******* Launching Browser***********
[main] INFO SeleniumCucumber - ******* Launching URL***********
[pool-1-thread-1] INFO SeleniumCucumber -  ******* Launching Browser***********
[pool-1-thread-1] INFO SeleniumCucumber -  ******* Launching Browser***********
[pool-1-thread-1] INFO SeleniumCucumber -  ******* Launching Browser***********
[pool-1-thread-1] INFO SeleniumCucumber - ******* Launching URL***********
[pool-1-thread-1] INFO SeleniumCucumber -  ******* Launching Browser***********
[pool-1-thread-1] INFO SeleniumCucumber -  ******* Launching Browser***********
